<?xml version="1.0" encoding="UTF-8"?>
<!-- Generated by org.testng.reporters.JUnitReportReporter -->
<testsuite hostname="BGAPPA" name="com.BookFlightTest.BookFlight2Test" tests="1" failures="0" timestamp="16 Aug 2016 09:07:17 GMT" time="21.527" errors="0">
  <testcase name="BookFlightTest2way" time="21.527" classname="com.BookFlightTest.BookFlight2Test"/>
</testsuite> <!-- com.BookFlightTest.BookFlight2Test -->
